<?xml version="1.0" encoding="UTF-8"?>
<testng-results ignored="0" total="1" passed="1" failed="0" skipped="0">
  <reporter-output>
  </reporter-output>
  <suite started-at="2023-07-13T00:10:10 ICT" name="Surefire suite" finished-at="2023-07-13T00:10:17 ICT" duration-ms="7249">
    <groups>
    </groups>
    <test started-at="2023-07-13T00:10:10 ICT" name="Surefire test" finished-at="2023-07-13T00:10:17 ICT" duration-ms="7249">
      <class name="testMethod.LoginTest">
        <test-method is-config="true" signature="setUpClass()[pri:0, instance:testMethod.LoginTest@60d8c9b7]" started-at="2023-07-13T00:10:10 ICT" name="setUpClass" finished-at="2023-07-13T00:10:12 ICT" duration-ms="2342" status="PASS">
          <reporter-output>
          </reporter-output>
        </test-method> <!-- setUpClass -->
        <test-method signature="createUserSuccess(java.lang.String,java.lang.String,java.lang.String,java.lang.String)[pri:0, instance:testMethod.LoginTest@60d8c9b7]" started-at="2023-07-13T00:10:12 ICT" name="createUserSuccess" data-provider="initDatacreateUserSuccess" finished-at="2023-07-13T00:10:17 ICT" duration-ms="4273" status="PASS">
          <params>
            <param index="0">
              <value>
                <![CDATA[SE11112]]>
              </value>
            </param>
            <param index="1">
              <value>
                <![CDATA[PDinhhh]]>
              </value>
            </param>
            <param index="2">
              <value>
                <![CDATA[1]]>
              </value>
            </param>
            <param index="3">
              <value>
                <![CDATA[1]]>
              </value>
            </param>
          </params>
          <reporter-output>
          </reporter-output>
        </test-method> <!-- createUserSuccess -->
        <test-method is-config="true" signature="tearDownClass()[pri:0, instance:testMethod.LoginTest@60d8c9b7]" started-at="2023-07-13T00:10:17 ICT" name="tearDownClass" finished-at="2023-07-13T00:10:17 ICT" duration-ms="584" status="PASS">
          <reporter-output>
          </reporter-output>
        </test-method> <!-- tearDownClass -->
      </class> <!-- testMethod.LoginTest -->
    </test> <!-- Surefire test -->
  </suite> <!-- Surefire suite -->
</testng-results>
